[debug] [2022-10-17T03:08:00.759Z] ----------------------------------------------------------------------
[debug] [2022-10-17T03:08:00.761Z] Command:       C:\Program Files\nodejs\node.exe C:\Users\jswee\AppData\Roaming\npm\node_modules\firebase-tools\lib\bin\firebase.js init hosting
[debug] [2022-10-17T03:08:00.761Z] CLI Version:   10.9.2
[debug] [2022-10-17T03:08:00.761Z] Platform:      win32
[debug] [2022-10-17T03:08:00.762Z] Node Version:  v16.15.0
[debug] [2022-10-17T03:08:00.763Z] Time:          Sun Oct 16 2022 20:08:00 GMT-0700 (Pacific Daylight Time)
[debug] [2022-10-17T03:08:00.763Z] ----------------------------------------------------------------------
[debug] 
[debug] [2022-10-17T03:08:00.771Z] > command requires scopes: ["email","openid","https://www.googleapis.com/auth/cloudplatformprojects.readonly","https://www.googleapis.com/auth/firebase","https://www.googleapis.com/auth/cloud-platform"]
[debug] [2022-10-17T03:08:00.772Z] > authorizing via signed-in user (web3jack@gmail.com)
[info] 
     ######## #### ########  ######## ########     ###     ######  ########
     ##        ##  ##     ## ##       ##     ##  ##   ##  ##       ##
     ######    ##  ########  ######   ########  #########  ######  ######
     ##        ##  ##    ##  ##       ##     ## ##     ##       ## ##
     ##       #### ##     ## ######## ########  ##     ##  ######  ########

You're about to initialize a Firebase project in this directory:

  C:\Users\jswee\Documents\next-crm

[info] 
=== Project Setup
[info] 
[info] First, let's associate this project directory with a Firebase project.
[info] You can create multiple project aliases by running firebase use --add, 
[info] but for now we'll just set up a default project.
[info] 
[debug] [2022-10-17T03:08:06.600Z] >>> [apiv2][query] GET https://firebase.googleapis.com/v1beta1/projects pageSize=100
[debug] [2022-10-17T03:08:07.208Z] <<< [apiv2][status] GET https://firebase.googleapis.com/v1beta1/projects 200
[debug] [2022-10-17T03:08:07.208Z] <<< [apiv2][body] GET https://firebase.googleapis.com/v1beta1/projects [omitted]
[info] i  Using project customer-support-app-77611 (customer-support-app) 
[info] 
=== Hosting Setup
[info] 
[info] Your public directory is the folder (relative to your project directory) that
[info] will contain Hosting assets to be uploaded with firebase deploy. If you
[info] have a build process for your assets, use your build's output directory.
[info] 
